<?xml version="1.0" encoding="UTF-8"?>
<coverage generated="1648035304489" clover="3.2.0">
  <project timestamp="1648035304490" name="All files">
    <metrics statements="3" coveredstatements="3" conditionals="5" coveredconditionals="5" methods="2" coveredmethods="2" elements="10" coveredelements="10" complexity="0" loc="3" ncloc="3" packages="1" files="1" classes="1"/>
    <file name="index.js" path="D:\Netology\2021\task-JS4\Lesson_7\L7_t1\index.js">
      <metrics statements="3" coveredstatements="3" conditionals="5" coveredconditionals="5" methods="2" coveredmethods="2"/>
      <line num="6" count="8" type="cond" truecount="5" falsecount="0"/>
      <line num="9" count="1" type="stmt"/>
      <line num="11" count="7" type="stmt"/>
    </file>
  </project>
</coverage>
