{"D:\\Netology\\2021\\task-JS4\\Lesson_7\\L7_t1\\index.js": {"path":"D:\\Netology\\2021\\task-JS4\\Lesson_7\\L7_t1\\index.js","statementMap":{"0":{"start":{"line":6,"column":8},"end":{"line":10,"column":9}},"1":{"start":{"line":9,"column":12},"end":{"line":9,"column":41}},"2":{"start":{"line":11,"column":8},"end":{"line":11,"column":67}}},"fnMap":{"0":{"name":"(anonymous_0)","decl":{"start":{"line":2,"column":4},"end":{"line":2,"column":5}},"loc":{"start":{"line":2,"column":19},"end":{"line":3,"column":5}},"line":2},"1":{"name":"(anonymous_1)","decl":{"start":{"line":5,"column":4},"end":{"line":5,"column":5}},"loc":{"start":{"line":5,"column":27},"end":{"line":12,"column":5}},"line":5}},"branchMap":{"0":{"loc":{"start":{"line":6,"column":8},"end":{"line":10,"column":9}},"type":"if","locations":[{"start":{"line":6,"column":8},"end":{"line":10,"column":9}},{"start":{},"end":{}}],"line":6},"1":{"loc":{"start":{"line":6,"column":12},"end":{"line":8,"column":45}},"type":"binary-expr","locations":[{"start":{"line":6,"column":13},"end":{"line":6,"column":44}},{"start":{"line":7,"column":13},"end":{"line":7,"column":58}},{"start":{"line":8,"column":13},"end":{"line":8,"column":44}}],"line":6}},"s":{"0":8,"1":1,"2":7},"f":{"0":8,"1":8},"b":{"0":[1,7],"1":[8,8,2]},"_coverageSchema":"1a1c01bbd47fc00a2c39e90264f33305004495a9","hash":"34a02139dc4d36e9200a384f4c3b53369531de42"}
}
